<?xml version="1.0" encoding="UTF-8"?>
<!-- Generated by org.testng.reporters.JUnitXMLReporter -->
<testsuite ignored="4" hostname="sai" failures="0" tests="0" time="0.018" errors="0" timestamp="2022-06-08T14:50:15 GMT-08:00">
  <testcase classname="TestClass.VerifyUseCanBuyProduct" name="aftermethod" time="0.0">
    <ignored/>
  </testcase> <!-- aftermethod -->
  <testcase classname="TestClass.VerifyUseCanBuyProduct" name="VerifyUserCanSearchProduct" time="0.0">
    <ignored/>
  </testcase> <!-- VerifyUserCanSearchProduct -->
  <testcase classname="TestClass.VerifyUseCanBuyProduct" name="VerifyUsercanSelectTheProductAndMoveTodetailPage" time="0.0">
    <ignored/>
  </testcase> <!-- VerifyUsercanSelectTheProductAndMoveTodetailPage -->
  <testcase classname="TestClass.VerifyUseCanBuyProduct" name="VerifyUserCanLLogin" time="0.0">
    <ignored/>
  </testcase> <!-- VerifyUserCanLLogin -->
</testsuite>
