<?xml version="1.0" encoding="UTF-8"?>
<!-- Generated by org.testng.reporters.JUnitXMLReporter -->
<testsuite ignored="0" hostname="sai" failures="0" tests="3" name="Test" time="96.708" errors="0" timestamp="2022-06-11T11:41:30 GMT-08:00">
  <testcase classname="TestClass.VerifyUseCanBuyProduct" name="VerifyUserCanLLogin" time="7.923"/>
  <testcase classname="TestClass.VerifyUseCanBuyProduct" name="VerifyUserCanSearchProduct" time="33.269"/>
  <testcase classname="TestClass.VerifyUseCanBuyProduct" name="VerifyUsercanSelectTheProductAndMoveTodetailPage" time="7.279"/>
</testsuite> <!-- Test -->
